<?xml version="1.0" encoding="UTF-8"?>
<!-- Generated by org.testng.reporters.JUnitReportReporter -->
<testsuite hostname="Fernandos-MacBook-Pro.local" failures="0" tests="1" name="com.autom.practice.site.Tests.SearchSomething" time="1.921" errors="0" timestamp="29 Apr 2022 15:31:06 GMT" skipped="0">
  <testcase classname="com.autom.practice.site.Tests.SearchSomething" name="searchingAProduct" time="1.921"/>
</testsuite> <!-- com.autom.practice.site.Tests.SearchSomething -->
