<?xml version="1.0" encoding="UTF-8"?>
<!-- Generated by org.testng.reporters.JUnitReportReporter -->
<testsuite hostname="Fernandos-MacBook-Pro.local" failures="0" tests="2" name="com.autom.practice.site.Tests.Login" time="9.390" errors="0" timestamp="28 Apr 2022 00:36:37 GMT" skipped="0">
  <testcase classname="com.autom.practice.site.Tests.Login" name="failedLoginTestCase" time="4.573"/>
  <testcase classname="com.autom.practice.site.Tests.Login" name="successLoginTestcase" time="4.817"/>
</testsuite> <!-- com.autom.practice.site.Tests.Login -->
