<?xml version="1.0" encoding="UTF-8"?>
<!-- Generated by org.testng.reporters.JUnitReportReporter -->
<testsuite hostname="Fernandos-MacBook-Pro.local" failures="0" tests="2" name="com.autom.practice.site.Tests.DataDrivenEx" time="9.333" errors="0" timestamp="28 Apr 2022 18:33:27 GMT" skipped="0">
  <testcase classname="com.autom.practice.site.Tests.DataDrivenEx" name="loginTestDataProvider" time="4.392"/>
  <testcase classname="com.autom.practice.site.Tests.DataDrivenEx" name="loginTestDataProvider" time="4.941"/>
</testsuite> <!-- com.autom.practice.site.Tests.DataDrivenEx -->
