<?xml version="1.0" encoding="UTF-8"?>
<!-- Generated by org.testng.reporters.JUnitReportReporter -->
<testsuite hostname="Fernandos-MacBook-Pro.local" failures="0" tests="1" name="com.autom.practice.site.Tests.failedLogin" time="8.507" errors="0" timestamp="27 Apr 2022 21:48:00 GMT" skipped="0">
  <testcase classname="com.autom.practice.site.Tests.failedLogin" name="failedLoginTestCase" time="8.507"/>
</testsuite> <!-- com.autom.practice.site.Tests.failedLogin -->
