<?xml version="1.0" encoding="UTF-8"?>
<!-- Generated by org.testng.reporters.JUnitReportReporter -->
<testsuite hostname="Fernandos-MacBook-Pro.local" failures="0" tests="2" name="com.autom.practice.site.Tests.Login" time="38.355" errors="0" timestamp="28 Apr 2022 22:27:13 GMT" skipped="0">
  <testcase classname="com.autom.practice.site.Tests.Login" name="successLoginTestcase" time="18.693"/>
  <testcase classname="com.autom.practice.site.Tests.Login" name="failedLoginTestCase" time="19.662"/>
</testsuite> <!-- com.autom.practice.site.Tests.Login -->
