<?xml version="1.0" encoding="UTF-8"?>
<!-- Generated by org.testng.reporters.JUnitReportReporter -->
<testsuite hostname="Fernandos-MacBook-Pro.local" failures="0" tests="2" name="com.autom.practice.site.Tests.Login" time="8.180" errors="0" timestamp="29 Apr 2022 02:29:29 GMT" skipped="0">
  <testcase classname="com.autom.practice.site.Tests.Login" name="successLoginTestcase" time="4.549"/>
  <testcase classname="com.autom.practice.site.Tests.Login" name="failedLoginTestCase" time="3.631"/>
</testsuite> <!-- com.autom.practice.site.Tests.Login -->
