<?xml version="1.0" encoding="UTF-8"?>
<!-- Generated by org.testng.reporters.JUnitReportReporter -->
<testsuite hostname="Fernandos-MacBook-Pro.local" failures="0" tests="2" name="com.autom.practice.site.Tests.DataDrivenEx" time="7.161" errors="0" timestamp="29 Apr 2022 02:29:29 GMT" skipped="0">
  <testcase classname="com.autom.practice.site.Tests.DataDrivenEx" name="loginTestDataProvider" time="4.549"/>
  <testcase classname="com.autom.practice.site.Tests.DataDrivenEx" name="loginTestDataProvider" time="2.612"/>
</testsuite> <!-- com.autom.practice.site.Tests.DataDrivenEx -->
