<?xml version="1.0" encoding="UTF-8"?>
<!-- Generated by org.testng.reporters.JUnitReportReporter -->
<testsuite hostname="Fernandos-MacBook-Pro.local" failures="0" tests="2" name="com.autom.practice.site.Tests.DataDrivenEx" time="16.951" errors="0" timestamp="28 Apr 2022 22:27:13 GMT" skipped="0">
  <testcase classname="com.autom.practice.site.Tests.DataDrivenEx" name="loginTestDataProvider" time="8.591"/>
  <testcase classname="com.autom.practice.site.Tests.DataDrivenEx" name="loginTestDataProvider" time="8.360"/>
</testsuite> <!-- com.autom.practice.site.Tests.DataDrivenEx -->
